  [1m[36m (2.1ms)[0m  [1mCREATE TABLE "schema_migrations" ("version" varchar NOT NULL) [0m
  [1m[35m (0.4ms)[0m  select sqlite_version(*)
  [1m[36m (1.6ms)[0m  [1mCREATE UNIQUE INDEX "unique_schema_migrations" ON "schema_migrations" ("version")[0m
  [1m[35mActiveRecord::SchemaMigration Load (0.1ms)[0m  SELECT "schema_migrations".* FROM "schema_migrations"
Migrating to CreateCoaches (20151202114446)
  [1m[36m (0.2ms)[0m  [1mbegin transaction[0m
  [1m[35m (0.7ms)[0m  CREATE TABLE "coaches" ("id" INTEGER PRIMARY KEY AUTOINCREMENT NOT NULL, "full_name" varchar NOT NULL, "email" varchar NOT NULL, "password_digest" varchar NOT NULL, "company_name" varchar, "created_at" datetime NOT NULL, "updated_at" datetime NOT NULL) 
  [1m[36mSQL (0.3ms)[0m  [1mINSERT INTO "schema_migrations" ("version") VALUES (?)[0m  [["version", "20151202114446"]]
  [1m[35m (2.6ms)[0m  commit transaction
Migrating to CreateClients (20151202114521)
  [1m[36m (0.1ms)[0m  [1mbegin transaction[0m
  [1m[35m (0.6ms)[0m  CREATE TABLE "clients" ("id" INTEGER PRIMARY KEY AUTOINCREMENT NOT NULL, "full_name" varchar NOT NULL, "email" varchar NOT NULL, "password_digest" varchar NOT NULL, "coach_id" integer NOT NULL, "created_at" datetime NOT NULL, "updated_at" datetime NOT NULL) 
  [1m[36mSQL (0.2ms)[0m  [1mINSERT INTO "schema_migrations" ("version") VALUES (?)[0m  [["version", "20151202114521"]]
  [1m[35m (1.9ms)[0m  commit transaction
Migrating to CreateGoals (20151202114526)
  [1m[36m (0.1ms)[0m  [1mbegin transaction[0m
  [1m[35m (0.5ms)[0m  CREATE TABLE "goals" ("id" INTEGER PRIMARY KEY AUTOINCREMENT NOT NULL, "statement" varchar NOT NULL, "notes" varchar, "client_id" integer NOT NULL, "created_at" datetime NOT NULL, "updated_at" datetime NOT NULL) 
  [1m[36mSQL (0.2ms)[0m  [1mINSERT INTO "schema_migrations" ("version") VALUES (?)[0m  [["version", "20151202114526"]]
  [1m[35m (1.8ms)[0m  commit transaction
  [1m[36mActiveRecord::SchemaMigration Load (0.1ms)[0m  [1mSELECT "schema_migrations".* FROM "schema_migrations"[0m
  [1m[36mActiveRecord::SchemaMigration Load (0.1ms)[0m  [1mSELECT "schema_migrations".* FROM "schema_migrations"[0m
  [1m[36m (4.7ms)[0m  [1mCREATE TABLE "schema_migrations" ("version" varchar NOT NULL) [0m
  [1m[35m (0.1ms)[0m  select sqlite_version(*)
  [1m[36m (1.7ms)[0m  [1mCREATE UNIQUE INDEX "unique_schema_migrations" ON "schema_migrations" ("version")[0m
  [1m[35mActiveRecord::SchemaMigration Load (0.2ms)[0m  SELECT "schema_migrations".* FROM "schema_migrations"
Migrating to CreateCoaches (20151202114446)
  [1m[36m (0.1ms)[0m  [1mbegin transaction[0m
  [1m[35m (0.6ms)[0m  CREATE TABLE "coaches" ("id" INTEGER PRIMARY KEY AUTOINCREMENT NOT NULL, "full_name" varchar NOT NULL, "email" varchar NOT NULL, "password_digest" varchar NOT NULL, "company_name" varchar, "created_at" datetime NOT NULL, "updated_at" datetime NOT NULL) 
  [1m[36mSQL (0.3ms)[0m  [1mINSERT INTO "schema_migrations" ("version") VALUES (?)[0m  [["version", "20151202114446"]]
  [1m[35m (2.0ms)[0m  commit transaction
Migrating to CreateClients (20151202114521)
  [1m[36m (0.1ms)[0m  [1mbegin transaction[0m
  [1m[35m (0.4ms)[0m  CREATE TABLE "clients" ("id" INTEGER PRIMARY KEY AUTOINCREMENT NOT NULL, "full_name" varchar NOT NULL, "email" varchar NOT NULL, "password_digest" varchar NOT NULL, "coach_id" integer NOT NULL, "created_at" datetime NOT NULL, "updated_at" datetime NOT NULL) 
  [1m[36mSQL (0.2ms)[0m  [1mINSERT INTO "schema_migrations" ("version") VALUES (?)[0m  [["version", "20151202114521"]]
  [1m[35m (1.4ms)[0m  commit transaction
Migrating to CreateGoals (20151202114526)
  [1m[36m (0.1ms)[0m  [1mbegin transaction[0m
  [1m[35m (0.4ms)[0m  CREATE TABLE "goals" ("id" INTEGER PRIMARY KEY AUTOINCREMENT NOT NULL, "statement" varchar NOT NULL, "notes" varchar, "client_id" integer NOT NULL, "created_at" datetime NOT NULL, "updated_at" datetime NOT NULL) 
  [1m[36mSQL (0.2ms)[0m  [1mINSERT INTO "schema_migrations" ("version") VALUES (?)[0m  [["version", "20151202114526"]]
  [1m[35m (1.4ms)[0m  commit transaction
  [1m[36mActiveRecord::SchemaMigration Load (0.1ms)[0m  [1mSELECT "schema_migrations".* FROM "schema_migrations"[0m
  [1m[36mActiveRecord::SchemaMigration Load (0.2ms)[0m  [1mSELECT "schema_migrations".* FROM "schema_migrations"[0m
  [1m[35m (0.1ms)[0m  begin transaction
  [1m[36mCoach Exists (11.2ms)[0m  [1mSELECT  1 AS one FROM "coaches" WHERE "coaches"."full_name" = 'Ramon Berrios' LIMIT 1[0m
  [1m[35mCoach Exists (0.1ms)[0m  SELECT  1 AS one FROM "coaches" WHERE "coaches"."email" = 'ramon@dbc.com' LIMIT 1
  [1m[36mSQL (0.6ms)[0m  [1mINSERT INTO "coaches" ("full_name", "email", "password_digest", "company_name", "created_at", "updated_at") VALUES (?, ?, ?, ?, ?, ?)[0m  [["full_name", "Ramon Berrios"], ["email", "ramon@dbc.com"], ["password_digest", "$2a$10$GDgYEic/TNKshBxJ73WQHuZaofPTjY0feaK8caYZdD7pQv/rYwwri"], ["company_name", "Dev Bootcamp"], ["created_at", "2015-12-02 13:17:04.941043"], ["updated_at", "2015-12-02 13:17:04.941043"]]
  [1m[35m (1.6ms)[0m  commit transaction
  [1m[36m (0.1ms)[0m  [1mbegin transaction[0m
  [1m[35mClient Exists (0.2ms)[0m  SELECT  1 AS one FROM "clients" WHERE "clients"."full_name" = 'Billy Fowler' LIMIT 1
  [1m[36mClient Exists (0.1ms)[0m  [1mSELECT  1 AS one FROM "clients" WHERE "clients"."email" = 'billy@gmail.com' LIMIT 1[0m
  [1m[35mSQL (0.4ms)[0m  INSERT INTO "clients" ("full_name", "email", "password_digest", "coach_id", "created_at", "updated_at") VALUES (?, ?, ?, ?, ?, ?)  [["full_name", "Billy Fowler"], ["email", "billy@gmail.com"], ["password_digest", "$2a$10$pFVe4pic3VzrvTMmdl9hIeOG9XeYm/aYs2PcipS.l51/K6bj/doSe"], ["coach_id", 1], ["created_at", "2015-12-02 13:17:05.089323"], ["updated_at", "2015-12-02 13:17:05.089323"]]
  [1m[36m (1.7ms)[0m  [1mcommit transaction[0m
  [1m[35m (0.1ms)[0m  begin transaction
  [1m[36mSQL (0.5ms)[0m  [1mINSERT INTO "goals" ("statement", "notes", "client_id", "created_at", "updated_at") VALUES (?, ?, ?, ?, ?)[0m  [["statement", "Send out resume to Google"], ["notes", "This job is for a engineering position so make sure your cover letter reflects that"], ["client_id", 1], ["created_at", "2015-12-02 13:17:05.121255"], ["updated_at", "2015-12-02 13:17:05.121255"]]
  [1m[35m (1.7ms)[0m  commit transaction
  [1m[36m (0.1ms)[0m  [1mbegin transaction[0m
  [1m[35mSQL (0.4ms)[0m  INSERT INTO "goals" ("statement", "client_id", "created_at", "updated_at") VALUES (?, ?, ?, ?)  [["statement", "Add latest app to portfolio"], ["client_id", 1], ["created_at", "2015-12-02 13:17:05.125594"], ["updated_at", "2015-12-02 13:17:05.125594"]]
  [1m[36m (2.9ms)[0m  [1mcommit transaction[0m
  [1m[35m (0.1ms)[0m  begin transaction
  [1m[36mClient Exists (0.2ms)[0m  [1mSELECT  1 AS one FROM "clients" WHERE "clients"."full_name" = 'Nichole Clemmer' LIMIT 1[0m
  [1m[35mClient Exists (0.2ms)[0m  SELECT  1 AS one FROM "clients" WHERE "clients"."email" = 'nichole@gmail.com' LIMIT 1
  [1m[36mSQL (0.4ms)[0m  [1mINSERT INTO "clients" ("full_name", "email", "password_digest", "coach_id", "created_at", "updated_at") VALUES (?, ?, ?, ?, ?, ?)[0m  [["full_name", "Nichole Clemmer"], ["email", "nichole@gmail.com"], ["password_digest", "$2a$10$n/RTW3hiKaBvV0JLfCVx9eE3ze9HsNHdttpJ1jTGyP0YaPKCvBOWm"], ["coach_id", 1], ["created_at", "2015-12-02 13:17:05.230887"], ["updated_at", "2015-12-02 13:17:05.230887"]]
  [1m[35m (1.9ms)[0m  commit transaction
  [1m[36m (0.1ms)[0m  [1mbegin transaction[0m
  [1m[35mSQL (0.3ms)[0m  INSERT INTO "goals" ("statement", "notes", "client_id", "created_at", "updated_at") VALUES (?, ?, ?, ?, ?)  [["statement", "Send follow up email to latest interviewer"], ["notes", "Interviewer's name was John Doe"], ["client_id", 2], ["created_at", "2015-12-02 13:17:05.235829"], ["updated_at", "2015-12-02 13:17:05.235829"]]
  [1m[36m (1.6ms)[0m  [1mcommit transaction[0m
  [1m[36mActiveRecord::SchemaMigration Load (0.2ms)[0m  [1mSELECT "schema_migrations".* FROM "schema_migrations"[0m
  [1m[35m (0.1ms)[0m  begin transaction
  [1m[36mCoach Exists (0.2ms)[0m  [1mSELECT  1 AS one FROM "coaches" WHERE "coaches"."full_name" = 'Ramon Berrios' LIMIT 1[0m
  [1m[35mCoach Exists (0.1ms)[0m  SELECT  1 AS one FROM "coaches" WHERE "coaches"."email" = 'ramon@dbc.com' LIMIT 1
  [1m[36m (0.1ms)[0m  [1mrollback transaction[0m
  [1m[35m (0.1ms)[0m  begin transaction
  [1m[36mClient Exists (0.2ms)[0m  [1mSELECT  1 AS one FROM "clients" WHERE "clients"."full_name" = 'Billy Fowler' LIMIT 1[0m
  [1m[35mClient Exists (0.1ms)[0m  SELECT  1 AS one FROM "clients" WHERE "clients"."email" = 'billy@gmail.com' LIMIT 1
  [1m[36m (0.1ms)[0m  [1mrollback transaction[0m
  [1m[35m (0.1ms)[0m  begin transaction
  [1m[36mSQL (1.2ms)[0m  [1mINSERT INTO "goals" ("statement", "notes", "client_id", "created_at", "updated_at") VALUES (?, ?, ?, ?, ?)[0m  [["statement", "Send out resume to Google"], ["notes", "This job is for a engineering position so make sure your cover letter reflects that"], ["client_id", 1], ["created_at", "2015-12-02 13:19:48.388377"], ["updated_at", "2015-12-02 13:19:48.388377"]]
  [1m[35m (2.4ms)[0m  commit transaction
  [1m[36m (0.1ms)[0m  [1mbegin transaction[0m
  [1m[35mSQL (0.5ms)[0m  INSERT INTO "goals" ("statement", "client_id", "created_at", "updated_at") VALUES (?, ?, ?, ?)  [["statement", "Add latest app to portfolio"], ["client_id", 1], ["created_at", "2015-12-02 13:19:48.395227"], ["updated_at", "2015-12-02 13:19:48.395227"]]
  [1m[36m (1.7ms)[0m  [1mcommit transaction[0m
  [1m[35m (0.1ms)[0m  begin transaction
  [1m[36mClient Exists (0.2ms)[0m  [1mSELECT  1 AS one FROM "clients" WHERE "clients"."full_name" = 'Nichole Clemmer' LIMIT 1[0m
  [1m[35mClient Exists (0.1ms)[0m  SELECT  1 AS one FROM "clients" WHERE "clients"."email" = 'nichole@gmail.com' LIMIT 1
  [1m[36m (0.1ms)[0m  [1mrollback transaction[0m
  [1m[35m (0.1ms)[0m  begin transaction
  [1m[36mSQL (0.4ms)[0m  [1mINSERT INTO "goals" ("statement", "notes", "client_id", "created_at", "updated_at") VALUES (?, ?, ?, ?, ?)[0m  [["statement", "Send follow up email to latest interviewer"], ["notes", "Interviewer's name was John Doe"], ["client_id", 2], ["created_at", "2015-12-02 13:19:48.505114"], ["updated_at", "2015-12-02 13:19:48.505114"]]
  [1m[35m (1.8ms)[0m  commit transaction
  [1m[36m (1897.2ms)[0m  [1mCREATE TABLE "schema_migrations" ("version" character varying NOT NULL) [0m
  [1m[35m (27.3ms)[0m  CREATE UNIQUE INDEX  "unique_schema_migrations" ON "schema_migrations"  ("version")
  [1m[36mActiveRecord::SchemaMigration Load (1.8ms)[0m  [1mSELECT "schema_migrations".* FROM "schema_migrations"[0m
Migrating to CreateCoaches (20151202114446)
  [1m[35m (0.3ms)[0m  BEGIN
  [1m[36m (344.8ms)[0m  [1mCREATE TABLE "coaches" ("id" serial primary key, "full_name" character varying NOT NULL, "email" character varying NOT NULL, "password_digest" character varying NOT NULL, "company_name" character varying, "created_at" timestamp NOT NULL, "updated_at" timestamp NOT NULL) [0m
  [1m[35mSQL (0.4ms)[0m  INSERT INTO "schema_migrations" ("version") VALUES ($1)  [["version", "20151202114446"]]
  [1m[36m (26.6ms)[0m  [1mCOMMIT[0m
Migrating to CreateClients (20151202114521)
  [1m[35m (0.4ms)[0m  BEGIN
  [1m[36m (23.0ms)[0m  [1mCREATE TABLE "clients" ("id" serial primary key, "full_name" character varying NOT NULL, "email" character varying NOT NULL, "password_digest" character varying NOT NULL, "coach_id" integer NOT NULL, "created_at" timestamp NOT NULL, "updated_at" timestamp NOT NULL) [0m
  [1m[35mSQL (71.1ms)[0m  INSERT INTO "schema_migrations" ("version") VALUES ($1)  [["version", "20151202114521"]]
  [1m[36m (19.0ms)[0m  [1mCOMMIT[0m
Migrating to CreateGoals (20151202114526)
  [1m[35m (0.3ms)[0m  BEGIN
  [1m[36m (48.2ms)[0m  [1mCREATE TABLE "goals" ("id" serial primary key, "statement" character varying NOT NULL, "notes" character varying, "client_id" integer NOT NULL, "created_at" timestamp NOT NULL, "updated_at" timestamp NOT NULL) [0m
  [1m[35mSQL (0.2ms)[0m  INSERT INTO "schema_migrations" ("version") VALUES ($1)  [["version", "20151202114526"]]
  [1m[36m (27.0ms)[0m  [1mCOMMIT[0m
  [1m[35mActiveRecord::SchemaMigration Load (0.3ms)[0m  SELECT "schema_migrations".* FROM "schema_migrations"
  [1m[36m (338.6ms)[0m  [1mSELECT t2.oid::regclass::text AS to_table, a1.attname AS column, a2.attname AS primary_key, c.conname AS name, c.confupdtype AS on_update, c.confdeltype AS on_delete
FROM pg_constraint c
JOIN pg_class t1 ON c.conrelid = t1.oid
JOIN pg_class t2 ON c.confrelid = t2.oid
JOIN pg_attribute a1 ON a1.attnum = c.conkey[1] AND a1.attrelid = t1.oid
JOIN pg_attribute a2 ON a2.attnum = c.confkey[1] AND a2.attrelid = t2.oid
JOIN pg_namespace t3 ON c.connamespace = t3.oid
WHERE c.contype = 'f'
  AND t1.relname = 'clients'
  AND t3.nspname = ANY (current_schemas(false))
ORDER BY c.conname
[0m
  [1m[35m (3.7ms)[0m  SELECT t2.oid::regclass::text AS to_table, a1.attname AS column, a2.attname AS primary_key, c.conname AS name, c.confupdtype AS on_update, c.confdeltype AS on_delete
FROM pg_constraint c
JOIN pg_class t1 ON c.conrelid = t1.oid
JOIN pg_class t2 ON c.confrelid = t2.oid
JOIN pg_attribute a1 ON a1.attnum = c.conkey[1] AND a1.attrelid = t1.oid
JOIN pg_attribute a2 ON a2.attnum = c.confkey[1] AND a2.attrelid = t2.oid
JOIN pg_namespace t3 ON c.connamespace = t3.oid
WHERE c.contype = 'f'
  AND t1.relname = 'coaches'
  AND t3.nspname = ANY (current_schemas(false))
ORDER BY c.conname

  [1m[36m (3.2ms)[0m  [1mSELECT t2.oid::regclass::text AS to_table, a1.attname AS column, a2.attname AS primary_key, c.conname AS name, c.confupdtype AS on_update, c.confdeltype AS on_delete
FROM pg_constraint c
JOIN pg_class t1 ON c.conrelid = t1.oid
JOIN pg_class t2 ON c.confrelid = t2.oid
JOIN pg_attribute a1 ON a1.attnum = c.conkey[1] AND a1.attrelid = t1.oid
JOIN pg_attribute a2 ON a2.attnum = c.confkey[1] AND a2.attrelid = t2.oid
JOIN pg_namespace t3 ON c.connamespace = t3.oid
WHERE c.contype = 'f'
  AND t1.relname = 'goals'
  AND t3.nspname = ANY (current_schemas(false))
ORDER BY c.conname
[0m
  [1m[36mActiveRecord::SchemaMigration Load (0.6ms)[0m  [1mSELECT "schema_migrations".* FROM "schema_migrations"[0m
  [1m[35m (0.2ms)[0m  BEGIN
  [1m[36mCoach Exists (55.4ms)[0m  [1mSELECT  1 AS one FROM "coaches" WHERE "coaches"."full_name" = 'Ramon Berrios' LIMIT 1[0m
  [1m[35mCoach Exists (0.4ms)[0m  SELECT  1 AS one FROM "coaches" WHERE "coaches"."email" = 'ramon@dbc.com' LIMIT 1
  [1m[36mSQL (17.4ms)[0m  [1mINSERT INTO "coaches" ("full_name", "email", "password_digest", "company_name", "created_at", "updated_at") VALUES ($1, $2, $3, $4, $5, $6) RETURNING "id"[0m  [["full_name", "Ramon Berrios"], ["email", "ramon@dbc.com"], ["password_digest", "$2a$10$Z8fEPuXSTA7Jx3EC0mveXuX1ftDKUlDUfZI5ETwY7c5PdsEuf5WnK"], ["company_name", "Dev Bootcamp"], ["created_at", "2015-12-02 17:14:37.336489"], ["updated_at", "2015-12-02 17:14:37.336489"]]
  [1m[35m (0.8ms)[0m  COMMIT
  [1m[36m (0.2ms)[0m  [1mBEGIN[0m
  [1m[35mClient Exists (1.0ms)[0m  SELECT  1 AS one FROM "clients" WHERE "clients"."full_name" = 'Billy Fowler' LIMIT 1
  [1m[36mClient Exists (0.3ms)[0m  [1mSELECT  1 AS one FROM "clients" WHERE "clients"."email" = 'billy@gmail.com' LIMIT 1[0m
  [1m[35mSQL (0.5ms)[0m  INSERT INTO "clients" ("full_name", "email", "password_digest", "coach_id", "created_at", "updated_at") VALUES ($1, $2, $3, $4, $5, $6) RETURNING "id"  [["full_name", "Billy Fowler"], ["email", "billy@gmail.com"], ["password_digest", "$2a$10$I0vhIa2kys7LIy1z9XvSBuBZG9UVfi7eYvTTnqB7YR8JGDdfJVZ/W"], ["coach_id", 1], ["created_at", "2015-12-02 17:14:37.536145"], ["updated_at", "2015-12-02 17:14:37.536145"]]
  [1m[36m (0.6ms)[0m  [1mCOMMIT[0m
  [1m[35m (0.2ms)[0m  BEGIN
  [1m[36mSQL (24.7ms)[0m  [1mINSERT INTO "goals" ("statement", "notes", "client_id", "created_at", "updated_at") VALUES ($1, $2, $3, $4, $5) RETURNING "id"[0m  [["statement", "Send out resume to Google"], ["notes", "This job is for a engineering position so make sure your cover letter reflects that"], ["client_id", 1], ["created_at", "2015-12-02 17:14:37.569264"], ["updated_at", "2015-12-02 17:14:37.569264"]]
  [1m[35m (0.6ms)[0m  COMMIT
  [1m[36m (0.1ms)[0m  [1mBEGIN[0m
  [1m[35mSQL (0.3ms)[0m  INSERT INTO "goals" ("statement", "client_id", "created_at", "updated_at") VALUES ($1, $2, $3, $4) RETURNING "id"  [["statement", "Add latest app to portfolio"], ["client_id", 1], ["created_at", "2015-12-02 17:14:37.598116"], ["updated_at", "2015-12-02 17:14:37.598116"]]
  [1m[36m (0.5ms)[0m  [1mCOMMIT[0m
  [1m[35m (0.2ms)[0m  BEGIN
  [1m[36mClient Exists (11.0ms)[0m  [1mSELECT  1 AS one FROM "clients" WHERE "clients"."full_name" = 'Nichole Clemmer' LIMIT 1[0m
  [1m[35mClient Exists (0.4ms)[0m  SELECT  1 AS one FROM "clients" WHERE "clients"."email" = 'nichole@gmail.com' LIMIT 1
  [1m[36mSQL (0.3ms)[0m  [1mINSERT INTO "clients" ("full_name", "email", "password_digest", "coach_id", "created_at", "updated_at") VALUES ($1, $2, $3, $4, $5, $6) RETURNING "id"[0m  [["full_name", "Nichole Clemmer"], ["email", "nichole@gmail.com"], ["password_digest", "$2a$10$9grZbAmfCq9kdX62GZRseOU37kpbGwyEOeZGa5zrSgo4ioJS.PdUq"], ["coach_id", 1], ["created_at", "2015-12-02 17:14:37.705933"], ["updated_at", "2015-12-02 17:14:37.705933"]]
  [1m[35m (0.6ms)[0m  COMMIT
  [1m[36m (0.1ms)[0m  [1mBEGIN[0m
  [1m[35mSQL (4.7ms)[0m  INSERT INTO "goals" ("statement", "notes", "client_id", "created_at", "updated_at") VALUES ($1, $2, $3, $4, $5) RETURNING "id"  [["statement", "Send follow up email to latest interviewer"], ["notes", "Interviewer's name was John Doe"], ["client_id", 2], ["created_at", "2015-12-02 17:14:37.709519"], ["updated_at", "2015-12-02 17:14:37.709519"]]
  [1m[36m (0.5ms)[0m  [1mCOMMIT[0m
  [1m[36m (135.7ms)[0m  [1mCREATE TABLE "schema_migrations" ("version" character varying NOT NULL) [0m
  [1m[35m (4.5ms)[0m  CREATE UNIQUE INDEX  "unique_schema_migrations" ON "schema_migrations"  ("version")
  [1m[36mActiveRecord::SchemaMigration Load (0.8ms)[0m  [1mSELECT "schema_migrations".* FROM "schema_migrations"[0m
Migrating to CreateCoaches (20151202114446)
  [1m[35m (0.2ms)[0m  BEGIN
  [1m[36m (128.0ms)[0m  [1mCREATE TABLE "coaches" ("id" serial primary key, "full_name" character varying NOT NULL, "email" character varying NOT NULL, "password_digest" character varying NOT NULL, "company_name" character varying, "created_at" timestamp NOT NULL, "updated_at" timestamp NOT NULL) [0m
  [1m[35mSQL (0.4ms)[0m  INSERT INTO "schema_migrations" ("version") VALUES ($1)  [["version", "20151202114446"]]
  [1m[36m (15.2ms)[0m  [1mCOMMIT[0m
Migrating to CreateClients (20151202114521)
  [1m[35m (0.4ms)[0m  BEGIN
  [1m[36m (18.9ms)[0m  [1mCREATE TABLE "clients" ("id" serial primary key, "full_name" character varying NOT NULL, "email" character varying NOT NULL, "password_digest" character varying NOT NULL, "coach_id" integer NOT NULL, "created_at" timestamp NOT NULL, "updated_at" timestamp NOT NULL) [0m
  [1m[35mSQL (0.2ms)[0m  INSERT INTO "schema_migrations" ("version") VALUES ($1)  [["version", "20151202114521"]]
  [1m[36m (1.1ms)[0m  [1mCOMMIT[0m
Migrating to CreateGoals (20151202114526)
  [1m[35m (5.7ms)[0m  BEGIN
  [1m[36m (6.3ms)[0m  [1mCREATE TABLE "goals" ("id" serial primary key, "statement" character varying NOT NULL, "notes" character varying, "client_id" integer NOT NULL, "created_at" timestamp NOT NULL, "updated_at" timestamp NOT NULL) [0m
  [1m[35mSQL (0.9ms)[0m  INSERT INTO "schema_migrations" ("version") VALUES ($1)  [["version", "20151202114526"]]
  [1m[36m (1.2ms)[0m  [1mCOMMIT[0m
  [1m[35mActiveRecord::SchemaMigration Load (0.2ms)[0m  SELECT "schema_migrations".* FROM "schema_migrations"
  [1m[36m (22.9ms)[0m  [1mSELECT t2.oid::regclass::text AS to_table, a1.attname AS column, a2.attname AS primary_key, c.conname AS name, c.confupdtype AS on_update, c.confdeltype AS on_delete
FROM pg_constraint c
JOIN pg_class t1 ON c.conrelid = t1.oid
JOIN pg_class t2 ON c.confrelid = t2.oid
JOIN pg_attribute a1 ON a1.attnum = c.conkey[1] AND a1.attrelid = t1.oid
JOIN pg_attribute a2 ON a2.attnum = c.confkey[1] AND a2.attrelid = t2.oid
JOIN pg_namespace t3 ON c.connamespace = t3.oid
WHERE c.contype = 'f'
  AND t1.relname = 'clients'
  AND t3.nspname = ANY (current_schemas(false))
ORDER BY c.conname
[0m
  [1m[35m (2.9ms)[0m  SELECT t2.oid::regclass::text AS to_table, a1.attname AS column, a2.attname AS primary_key, c.conname AS name, c.confupdtype AS on_update, c.confdeltype AS on_delete
FROM pg_constraint c
JOIN pg_class t1 ON c.conrelid = t1.oid
JOIN pg_class t2 ON c.confrelid = t2.oid
JOIN pg_attribute a1 ON a1.attnum = c.conkey[1] AND a1.attrelid = t1.oid
JOIN pg_attribute a2 ON a2.attnum = c.confkey[1] AND a2.attrelid = t2.oid
JOIN pg_namespace t3 ON c.connamespace = t3.oid
WHERE c.contype = 'f'
  AND t1.relname = 'coaches'
  AND t3.nspname = ANY (current_schemas(false))
ORDER BY c.conname

  [1m[36m (3.0ms)[0m  [1mSELECT t2.oid::regclass::text AS to_table, a1.attname AS column, a2.attname AS primary_key, c.conname AS name, c.confupdtype AS on_update, c.confdeltype AS on_delete
FROM pg_constraint c
JOIN pg_class t1 ON c.conrelid = t1.oid
JOIN pg_class t2 ON c.confrelid = t2.oid
JOIN pg_attribute a1 ON a1.attnum = c.conkey[1] AND a1.attrelid = t1.oid
JOIN pg_attribute a2 ON a2.attnum = c.confkey[1] AND a2.attrelid = t2.oid
JOIN pg_namespace t3 ON c.connamespace = t3.oid
WHERE c.contype = 'f'
  AND t1.relname = 'goals'
  AND t3.nspname = ANY (current_schemas(false))
ORDER BY c.conname
[0m
  [1m[36mActiveRecord::SchemaMigration Load (0.5ms)[0m  [1mSELECT "schema_migrations".* FROM "schema_migrations"[0m
  [1m[35m (0.2ms)[0m  BEGIN
  [1m[36mCoach Exists (25.3ms)[0m  [1mSELECT  1 AS one FROM "coaches" WHERE "coaches"."full_name" = 'Ramon Berrios' LIMIT 1[0m
  [1m[35mCoach Exists (0.4ms)[0m  SELECT  1 AS one FROM "coaches" WHERE "coaches"."email" = 'ramon@dbc.com' LIMIT 1
  [1m[36mSQL (0.6ms)[0m  [1mINSERT INTO "coaches" ("full_name", "email", "password_digest", "company_name", "created_at", "updated_at") VALUES ($1, $2, $3, $4, $5, $6) RETURNING "id"[0m  [["full_name", "Ramon Berrios"], ["email", "ramon@dbc.com"], ["password_digest", "$2a$10$GBElaDs/GuhyxDP7rwF/NujdVd.evHTWPQ6kuQg6QtMySWXq29jrC"], ["company_name", "Dev Bootcamp"], ["created_at", "2015-12-02 17:15:52.645940"], ["updated_at", "2015-12-02 17:15:52.645940"]]
  [1m[35m (0.6ms)[0m  COMMIT
  [1m[36m (0.2ms)[0m  [1mBEGIN[0m
  [1m[35mClient Exists (0.5ms)[0m  SELECT  1 AS one FROM "clients" WHERE "clients"."full_name" = 'Billy Fowler' LIMIT 1
  [1m[36mClient Exists (0.3ms)[0m  [1mSELECT  1 AS one FROM "clients" WHERE "clients"."email" = 'billy@gmail.com' LIMIT 1[0m
  [1m[35mSQL (0.5ms)[0m  INSERT INTO "clients" ("full_name", "email", "password_digest", "coach_id", "created_at", "updated_at") VALUES ($1, $2, $3, $4, $5, $6) RETURNING "id"  [["full_name", "Billy Fowler"], ["email", "billy@gmail.com"], ["password_digest", "$2a$10$0gwUtUP3CyVcf3p1ksI0FOQUgQYKhreQU7xEtBYVuchh/9QM4PYXS"], ["coach_id", 1], ["created_at", "2015-12-02 17:15:52.784256"], ["updated_at", "2015-12-02 17:15:52.784256"]]
  [1m[36m (0.6ms)[0m  [1mCOMMIT[0m
  [1m[35m (0.2ms)[0m  BEGIN
  [1m[36mSQL (0.5ms)[0m  [1mINSERT INTO "goals" ("statement", "notes", "client_id", "created_at", "updated_at") VALUES ($1, $2, $3, $4, $5) RETURNING "id"[0m  [["statement", "Send out resume to Google"], ["notes", "This job is for a engineering position so make sure your cover letter reflects that"], ["client_id", 1], ["created_at", "2015-12-02 17:15:52.823397"], ["updated_at", "2015-12-02 17:15:52.823397"]]
  [1m[35m (0.6ms)[0m  COMMIT
  [1m[36m (0.1ms)[0m  [1mBEGIN[0m
  [1m[35mSQL (0.2ms)[0m  INSERT INTO "goals" ("statement", "client_id", "created_at", "updated_at") VALUES ($1, $2, $3, $4) RETURNING "id"  [["statement", "Add latest app to portfolio"], ["client_id", 1], ["created_at", "2015-12-02 17:15:52.826947"], ["updated_at", "2015-12-02 17:15:52.826947"]]
  [1m[36m (1.1ms)[0m  [1mCOMMIT[0m
  [1m[35m (0.2ms)[0m  BEGIN
  [1m[36mClient Exists (0.3ms)[0m  [1mSELECT  1 AS one FROM "clients" WHERE "clients"."full_name" = 'Nichole Clemmer' LIMIT 1[0m
  [1m[35mClient Exists (0.3ms)[0m  SELECT  1 AS one FROM "clients" WHERE "clients"."email" = 'nichole@gmail.com' LIMIT 1
  [1m[36mSQL (0.3ms)[0m  [1mINSERT INTO "clients" ("full_name", "email", "password_digest", "coach_id", "created_at", "updated_at") VALUES ($1, $2, $3, $4, $5, $6) RETURNING "id"[0m  [["full_name", "Nichole Clemmer"], ["email", "nichole@gmail.com"], ["password_digest", "$2a$10$srG5z7k9C39OYyZzpVtkm.avJ6Ue0FcfVbKqwhBmWP0mjLRh8kwcC"], ["coach_id", 1], ["created_at", "2015-12-02 17:15:52.927451"], ["updated_at", "2015-12-02 17:15:52.927451"]]
  [1m[35m (0.6ms)[0m  COMMIT
  [1m[36m (0.1ms)[0m  [1mBEGIN[0m
  [1m[35mSQL (0.2ms)[0m  INSERT INTO "goals" ("statement", "notes", "client_id", "created_at", "updated_at") VALUES ($1, $2, $3, $4, $5) RETURNING "id"  [["statement", "Send follow up email to latest interviewer"], ["notes", "Interviewer's name was John Doe"], ["client_id", 2], ["created_at", "2015-12-02 17:15:52.930723"], ["updated_at", "2015-12-02 17:15:52.930723"]]
  [1m[36m (0.6ms)[0m  [1mCOMMIT[0m
  [1m[36mCoach Load (22.3ms)[0m  [1mSELECT  "coaches".* FROM "coaches"  ORDER BY "coaches"."id" ASC LIMIT 1[0m
  [1m[35mClient Load (1.6ms)[0m  SELECT  "clients".* FROM "clients"  ORDER BY "clients"."id" DESC LIMIT 1
  [1m[36mCoach Load (0.8ms)[0m  [1mSELECT  "coaches".* FROM "coaches"  ORDER BY "coaches"."id" ASC LIMIT 1[0m
  [1m[35mClient Load (0.3ms)[0m  SELECT "clients".* FROM "clients" WHERE "clients"."coach_id" = $1  [["coach_id", 1]]
  [1m[36mGoal Load (0.8ms)[0m  [1mSELECT "goals".* FROM "goals"[0m
  [1m[35mClient Load (3.4ms)[0m  SELECT  "clients".* FROM "clients"  ORDER BY "clients"."id" ASC LIMIT 1
  [1m[36mGoal Load (2.2ms)[0m  [1mSELECT "goals".* FROM "goals" WHERE "goals"."client_id" = $1[0m  [["client_id", 1]]


Started GET "/" for ::1 at 2015-12-02 12:57:50 -0500
  [1m[36mActiveRecord::SchemaMigration Load (20.7ms)[0m  [1mSELECT "schema_migrations".* FROM "schema_migrations"[0m
Processing by WelcomeController#index as HTML
  Rendered welcome/index.html.erb (3.2ms)
Completed 200 OK in 144ms (Views: 94.1ms | ActiveRecord: 0.0ms)


Started GET "/" for ::1 at 2015-12-02 13:07:39 -0500
Processing by WelcomeController#index as HTML
  Rendered welcome/index.html.erb (0.1ms)
Completed 200 OK in 46ms (Views: 44.9ms | ActiveRecord: 0.0ms)


Started GET "/coaches/3" for ::1 at 2015-12-02 16:10:50 -0500
  [1m[36mActiveRecord::SchemaMigration Load (17.4ms)[0m  [1mSELECT "schema_migrations".* FROM "schema_migrations"[0m
Processing by CoachesController#show as HTML
  Parameters: {"id"=>"3"}
  [1m[35mCoach Load (0.7ms)[0m  SELECT  "coaches".* FROM "coaches" WHERE "coaches"."id" = $1 LIMIT 1  [["id", 3]]
  Rendered coaches/show.html.erb (2.6ms)
Completed 200 OK in 386ms (Views: 126.7ms | ActiveRecord: 37.3ms)


Started GET "/coaches/3" for ::1 at 2015-12-02 16:16:46 -0500
Processing by CoachesController#show as HTML
  Parameters: {"id"=>"3"}
  [1m[36mCoach Load (0.8ms)[0m  [1mSELECT  "coaches".* FROM "coaches" WHERE "coaches"."id" = $1 LIMIT 1[0m  [["id", 3]]
  Rendered coaches/show.html.erb (0.2ms)
Completed 200 OK in 159ms (Views: 129.7ms | ActiveRecord: 6.5ms)


Started GET "/coaches/3" for ::1 at 2015-12-02 16:16:48 -0500
Processing by CoachesController#show as HTML
  Parameters: {"id"=>"3"}
  [1m[35mCoach Load (0.4ms)[0m  SELECT  "coaches".* FROM "coaches" WHERE "coaches"."id" = $1 LIMIT 1  [["id", 3]]
  Rendered coaches/show.html.erb (0.1ms)
Completed 200 OK in 7ms (Views: 5.1ms | ActiveRecord: 0.4ms)


Started GET "/coaches/3" for ::1 at 2015-12-02 16:19:12 -0500
Processing by CoachesController#show as HTML
  Parameters: {"id"=>"3"}
  [1m[36mCoach Load (0.5ms)[0m  [1mSELECT  "coaches".* FROM "coaches" WHERE "coaches"."id" = $1 LIMIT 1[0m  [["id", 3]]
  Rendered coaches/show.html.erb within layouts/application (0.5ms)
Completed 500 Internal Server Error in 118ms (ActiveRecord: 7.2ms)

SyntaxError (/Users/Dom/Desktop/coachr/app/views/layouts/application.html.erb:17: syntax error, unexpected '<', expecting ')'
  </header>
   ^
/Users/Dom/Desktop/coachr/app/views/layouts/application.html.erb:20: unknown regexp options - bdy
/Users/Dom/Desktop/coachr/app/views/layouts/application.html.erb:21: syntax error, unexpected '<'
</html>
 ^
/Users/Dom/Desktop/coachr/app/views/layouts/application.html.erb:21: unterminated regexp meets end of file):
  app/views/layouts/application.html.erb:17: syntax error, unexpected '<', expecting ')'
  app/views/layouts/application.html.erb:20: unknown regexp options - bdy
  app/views/layouts/application.html.erb:21: syntax error, unexpected '<'
  app/views/layouts/application.html.erb:21: unterminated regexp meets end of file


  Rendered /usr/local/lib/ruby/gems/2.2.0/gems/actionpack-4.2.5/lib/action_dispatch/middleware/templates/rescues/_source.erb (22.3ms)
  Rendered /usr/local/lib/ruby/gems/2.2.0/gems/actionpack-4.2.5/lib/action_dispatch/middleware/templates/rescues/_trace.html.erb (5.5ms)
  Rendered /usr/local/lib/ruby/gems/2.2.0/gems/actionpack-4.2.5/lib/action_dispatch/middleware/templates/rescues/_request_and_response.html.erb (1.5ms)
  Rendered /usr/local/lib/ruby/gems/2.2.0/gems/actionpack-4.2.5/lib/action_dispatch/middleware/templates/rescues/diagnostics.html.erb within rescues/layout (156.0ms)
  Rendered /usr/local/lib/ruby/gems/2.2.0/gems/web-console-2.2.1/lib/web_console/templates/_markup.html.erb (0.9ms)
  Rendered /usr/local/lib/ruby/gems/2.2.0/gems/web-console-2.2.1/lib/web_console/templates/_inner_console_markup.html.erb within layouts/inlined_string (1.0ms)
  Rendered /usr/local/lib/ruby/gems/2.2.0/gems/web-console-2.2.1/lib/web_console/templates/_prompt_box_markup.html.erb within layouts/inlined_string (0.5ms)
  Rendered /usr/local/lib/ruby/gems/2.2.0/gems/web-console-2.2.1/lib/web_console/templates/style.css.erb within layouts/inlined_string (0.5ms)
  Rendered /usr/local/lib/ruby/gems/2.2.0/gems/web-console-2.2.1/lib/web_console/templates/console.js.erb within layouts/javascript (107.8ms)
  Rendered /usr/local/lib/ruby/gems/2.2.0/gems/web-console-2.2.1/lib/web_console/templates/main.js.erb within layouts/javascript (0.5ms)
  Rendered /usr/local/lib/ruby/gems/2.2.0/gems/web-console-2.2.1/lib/web_console/templates/error_page.js.erb within layouts/javascript (0.5ms)
  Rendered /usr/local/lib/ruby/gems/2.2.0/gems/web-console-2.2.1/lib/web_console/templates/index.html.erb (671.4ms)


Started GET "/coaches/3" for ::1 at 2015-12-02 16:19:55 -0500
Processing by CoachesController#show as HTML
  Parameters: {"id"=>"3"}
  [1m[35mCoach Load (0.3ms)[0m  SELECT  "coaches".* FROM "coaches" WHERE "coaches"."id" = $1 LIMIT 1  [["id", 3]]
  Rendered coaches/show.html.erb within layouts/application (0.2ms)
Completed 200 OK in 3459ms (Views: 3418.3ms | ActiveRecord: 2.7ms)


Started GET "/assets/layout.self-4089364bfa4ff248b32d6f2e39846b987d1490c84c32ab8238dcfbe03f2f2ffc.css?body=1" for ::1 at 2015-12-02 16:19:59 -0500


Started GET "/assets/application.self-e80e8f2318043e8af94dddc2adad5a4f09739a8ebb323b3ab31cd71d45fd9113.css?body=1" for ::1 at 2015-12-02 16:19:59 -0500


Started GET "/assets/jquery.self-a714331225dda820228db323939889f149aec0127aeb06255646b616ba1ca419.js?body=1" for ::1 at 2015-12-02 16:19:59 -0500


Started GET "/assets/jquery_ujs.self-d456baa54c1fa6be2ec3711f0a72ddf7a5b2f34a6b4f515f33767d6207b7d4b3.js?body=1" for ::1 at 2015-12-02 16:19:59 -0500


Started GET "/assets/turbolinks.self-c37727e9bd6b2735da5c311aa83fead54ed0be6cc8bd9a65309e9c5abe2cbfff.js?body=1" for ::1 at 2015-12-02 16:19:59 -0500


Started GET "/assets/application.self-3b8dabdc891efe46b9a144b400ad69e37d7e5876bdc39dee783419a69d7ca819.js?body=1" for ::1 at 2015-12-02 16:19:59 -0500


Started GET "/coaches/3" for ::1 at 2015-12-02 16:20:56 -0500
Processing by CoachesController#show as HTML
  Parameters: {"id"=>"3"}
  [1m[36mCoach Load (0.4ms)[0m  [1mSELECT  "coaches".* FROM "coaches" WHERE "coaches"."id" = $1 LIMIT 1[0m  [["id", 3]]
  Rendered coaches/show.html.erb within layouts/application (0.2ms)
Completed 500 Internal Server Error in 51ms (ActiveRecord: 0.4ms)

SyntaxError (/Users/Dom/Desktop/coachr/app/views/layouts/application.html.erb:19: syntax error, unexpected tSTRING_BEG, expecting ')'
'.freeze;@output_buffer.append=( end );@output_buffer.safe_append='
 ^
/Users/Dom/Desktop/coachr/app/views/layouts/application.html.erb:20: syntax error, unexpected '<', expecting ')'
</header>
 ^
/Users/Dom/Desktop/coachr/app/views/layouts/application.html.erb:23: unknown regexp options - bdy
/Users/Dom/Desktop/coachr/app/views/layouts/application.html.erb:24: syntax error, unexpected '<'
</html>
 ^
/Users/Dom/Desktop/coachr/app/views/layouts/application.html.erb:24: unterminated regexp meets end of file):
  app/views/layouts/application.html.erb:19: syntax error, unexpected tSTRING_BEG, expecting ')'
  app/views/layouts/application.html.erb:20: syntax error, unexpected '<', expecting ')'
  app/views/layouts/application.html.erb:23: unknown regexp options - bdy
  app/views/layouts/application.html.erb:24: syntax error, unexpected '<'
  app/views/layouts/application.html.erb:24: unterminated regexp meets end of file


  Rendered /usr/local/lib/ruby/gems/2.2.0/gems/actionpack-4.2.5/lib/action_dispatch/middleware/templates/rescues/_source.erb (12.0ms)
  Rendered /usr/local/lib/ruby/gems/2.2.0/gems/actionpack-4.2.5/lib/action_dispatch/middleware/templates/rescues/_trace.html.erb (9.0ms)
  Rendered /usr/local/lib/ruby/gems/2.2.0/gems/actionpack-4.2.5/lib/action_dispatch/middleware/templates/rescues/_request_and_response.html.erb (1.5ms)
  Rendered /usr/local/lib/ruby/gems/2.2.0/gems/actionpack-4.2.5/lib/action_dispatch/middleware/templates/rescues/diagnostics.html.erb within rescues/layout (117.0ms)
  Rendered /usr/local/lib/ruby/gems/2.2.0/gems/web-console-2.2.1/lib/web_console/templates/_markup.html.erb (0.6ms)
  Rendered /usr/local/lib/ruby/gems/2.2.0/gems/web-console-2.2.1/lib/web_console/templates/_inner_console_markup.html.erb within layouts/inlined_string (0.7ms)
  Rendered /usr/local/lib/ruby/gems/2.2.0/gems/web-console-2.2.1/lib/web_console/templates/_prompt_box_markup.html.erb within layouts/inlined_string (0.5ms)
  Rendered /usr/local/lib/ruby/gems/2.2.0/gems/web-console-2.2.1/lib/web_console/templates/style.css.erb within layouts/inlined_string (0.5ms)
  Rendered /usr/local/lib/ruby/gems/2.2.0/gems/web-console-2.2.1/lib/web_console/templates/console.js.erb within layouts/javascript (106.2ms)
  Rendered /usr/local/lib/ruby/gems/2.2.0/gems/web-console-2.2.1/lib/web_console/templates/main.js.erb within layouts/javascript (0.4ms)
  Rendered /usr/local/lib/ruby/gems/2.2.0/gems/web-console-2.2.1/lib/web_console/templates/error_page.js.erb within layouts/javascript (0.6ms)
  Rendered /usr/local/lib/ruby/gems/2.2.0/gems/web-console-2.2.1/lib/web_console/templates/index.html.erb (244.6ms)


Started GET "/coaches/3" for ::1 at 2015-12-02 16:21:09 -0500
Processing by CoachesController#show as HTML
  Parameters: {"id"=>"3"}
  [1m[35mCoach Load (0.5ms)[0m  SELECT  "coaches".* FROM "coaches" WHERE "coaches"."id" = $1 LIMIT 1  [["id", 3]]
  Rendered coaches/show.html.erb within layouts/application (0.2ms)
Completed 500 Internal Server Error in 52ms (ActiveRecord: 0.5ms)

SyntaxError (/Users/Dom/Desktop/coachr/app/views/layouts/application.html.erb:19: syntax error, unexpected tSTRING_BEG, expecting ')'
'.freeze; end 
 ^
/Users/Dom/Desktop/coachr/app/views/layouts/application.html.erb:23: unknown regexp options - bdy
/Users/Dom/Desktop/coachr/app/views/layouts/application.html.erb:24: syntax error, unexpected '<'
</html>
 ^
/Users/Dom/Desktop/coachr/app/views/layouts/application.html.erb:24: unterminated regexp meets end of file):
  app/views/layouts/application.html.erb:19: syntax error, unexpected tSTRING_BEG, expecting ')'
  app/views/layouts/application.html.erb:23: unknown regexp options - bdy
  app/views/layouts/application.html.erb:24: syntax error, unexpected '<'
  app/views/layouts/application.html.erb:24: unterminated regexp meets end of file


  Rendered /usr/local/lib/ruby/gems/2.2.0/gems/actionpack-4.2.5/lib/action_dispatch/middleware/templates/rescues/_source.erb (12.4ms)
  Rendered /usr/local/lib/ruby/gems/2.2.0/gems/actionpack-4.2.5/lib/action_dispatch/middleware/templates/rescues/_trace.html.erb (8.1ms)
  Rendered /usr/local/lib/ruby/gems/2.2.0/gems/actionpack-4.2.5/lib/action_dispatch/middleware/templates/rescues/_request_and_response.html.erb (1.5ms)
  Rendered /usr/local/lib/ruby/gems/2.2.0/gems/actionpack-4.2.5/lib/action_dispatch/middleware/templates/rescues/diagnostics.html.erb within rescues/layout (122.1ms)
  Rendered /usr/local/lib/ruby/gems/2.2.0/gems/web-console-2.2.1/lib/web_console/templates/_markup.html.erb (0.6ms)
  Rendered /usr/local/lib/ruby/gems/2.2.0/gems/web-console-2.2.1/lib/web_console/templates/_inner_console_markup.html.erb within layouts/inlined_string (0.5ms)
  Rendered /usr/local/lib/ruby/gems/2.2.0/gems/web-console-2.2.1/lib/web_console/templates/_prompt_box_markup.html.erb within layouts/inlined_string (0.5ms)
  Rendered /usr/local/lib/ruby/gems/2.2.0/gems/web-console-2.2.1/lib/web_console/templates/style.css.erb within layouts/inlined_string (0.5ms)
  Rendered /usr/local/lib/ruby/gems/2.2.0/gems/web-console-2.2.1/lib/web_console/templates/console.js.erb within layouts/javascript (93.5ms)
  Rendered /usr/local/lib/ruby/gems/2.2.0/gems/web-console-2.2.1/lib/web_console/templates/main.js.erb within layouts/javascript (0.5ms)
  Rendered /usr/local/lib/ruby/gems/2.2.0/gems/web-console-2.2.1/lib/web_console/templates/error_page.js.erb within layouts/javascript (0.6ms)
  Rendered /usr/local/lib/ruby/gems/2.2.0/gems/web-console-2.2.1/lib/web_console/templates/index.html.erb (209.6ms)


Started GET "/coaches/3" for ::1 at 2015-12-02 16:21:32 -0500
Processing by CoachesController#show as HTML
  Parameters: {"id"=>"3"}
  [1m[36mCoach Load (0.2ms)[0m  [1mSELECT  "coaches".* FROM "coaches" WHERE "coaches"."id" = $1 LIMIT 1[0m  [["id", 3]]
  Rendered coaches/show.html.erb within layouts/application (0.1ms)
Completed 500 Internal Server Error in 21ms (ActiveRecord: 0.2ms)

SyntaxError (/Users/Dom/Desktop/coachr/app/views/layouts/application.html.erb:12: syntax error, unexpected ')', expecting keyword_then or ';' or '\n'
...buffer.append=( if logged_in? );@output_buffer.safe_append='
...                               ^
/Users/Dom/Desktop/coachr/app/views/layouts/application.html.erb:15: syntax error, unexpected keyword_else, expecting ')'
'.freeze; else 
              ^
/Users/Dom/Desktop/coachr/app/views/layouts/application.html.erb:19: syntax error, unexpected tSTRING_BEG, expecting ')'
'.freeze; end 
 ^
/Users/Dom/Desktop/coachr/app/views/layouts/application.html.erb:23: unknown regexp options - bdy
/Users/Dom/Desktop/coachr/app/views/layouts/application.html.erb:24: syntax error, unexpected '<'
</html>
 ^
/Users/Dom/Desktop/coachr/app/views/layouts/application.html.erb:24: unterminated regexp meets end of file):
  app/views/layouts/application.html.erb:12: syntax error, unexpected ')', expecting keyword_then or ';' or '\n'
  app/views/layouts/application.html.erb:15: syntax error, unexpected keyword_else, expecting ')'
  app/views/layouts/application.html.erb:19: syntax error, unexpected tSTRING_BEG, expecting ')'
  app/views/layouts/application.html.erb:23: unknown regexp options - bdy
  app/views/layouts/application.html.erb:24: syntax error, unexpected '<'
  app/views/layouts/application.html.erb:24: unterminated regexp meets end of file


  Rendered /usr/local/lib/ruby/gems/2.2.0/gems/actionpack-4.2.5/lib/action_dispatch/middleware/templates/rescues/_source.erb (14.6ms)
  Rendered /usr/local/lib/ruby/gems/2.2.0/gems/actionpack-4.2.5/lib/action_dispatch/middleware/templates/rescues/_trace.html.erb (5.9ms)
  Rendered /usr/local/lib/ruby/gems/2.2.0/gems/actionpack-4.2.5/lib/action_dispatch/middleware/templates/rescues/_request_and_response.html.erb (1.4ms)
  Rendered /usr/local/lib/ruby/gems/2.2.0/gems/actionpack-4.2.5/lib/action_dispatch/middleware/templates/rescues/diagnostics.html.erb within rescues/layout (120.1ms)
  Rendered /usr/local/lib/ruby/gems/2.2.0/gems/web-console-2.2.1/lib/web_console/templates/_markup.html.erb (0.5ms)
  Rendered /usr/local/lib/ruby/gems/2.2.0/gems/web-console-2.2.1/lib/web_console/templates/_inner_console_markup.html.erb within layouts/inlined_string (1.1ms)
  Rendered /usr/local/lib/ruby/gems/2.2.0/gems/web-console-2.2.1/lib/web_console/templates/_prompt_box_markup.html.erb within layouts/inlined_string (0.4ms)
  Rendered /usr/local/lib/ruby/gems/2.2.0/gems/web-console-2.2.1/lib/web_console/templates/style.css.erb within layouts/inlined_string (0.5ms)
  Rendered /usr/local/lib/ruby/gems/2.2.0/gems/web-console-2.2.1/lib/web_console/templates/console.js.erb within layouts/javascript (94.5ms)
  Rendered /usr/local/lib/ruby/gems/2.2.0/gems/web-console-2.2.1/lib/web_console/templates/main.js.erb within layouts/javascript (0.4ms)
  Rendered /usr/local/lib/ruby/gems/2.2.0/gems/web-console-2.2.1/lib/web_console/templates/error_page.js.erb within layouts/javascript (0.6ms)
  Rendered /usr/local/lib/ruby/gems/2.2.0/gems/web-console-2.2.1/lib/web_console/templates/index.html.erb (210.0ms)


Started GET "/coaches/3" for ::1 at 2015-12-02 16:21:47 -0500
Processing by CoachesController#show as HTML
  Parameters: {"id"=>"3"}
  [1m[35mCoach Load (0.4ms)[0m  SELECT  "coaches".* FROM "coaches" WHERE "coaches"."id" = $1 LIMIT 1  [["id", 3]]
  Rendered coaches/show.html.erb within layouts/application (0.1ms)
Completed 500 Internal Server Error in 10ms (ActiveRecord: 0.4ms)

SyntaxError (/Users/Dom/Desktop/coachr/app/views/layouts/application.html.erb:12: syntax error, unexpected ')', expecting keyword_then or ';' or '\n'
...buffer.append=( if logged_in? );@output_buffer.safe_append='
...                               ^
/Users/Dom/Desktop/coachr/app/views/layouts/application.html.erb:15: syntax error, unexpected keyword_else
'.freeze;@output_buffer.append=( else );@output_buffer.safe_append='
                                     ^
/Users/Dom/Desktop/coachr/app/views/layouts/application.html.erb:19: syntax error, unexpected tSTRING_BEG, expecting ')'
'.freeze; end 
 ^
/Users/Dom/Desktop/coachr/app/views/layouts/application.html.erb:23: unknown regexp options - bdy
/Users/Dom/Desktop/coachr/app/views/layouts/application.html.erb:24: syntax error, unexpected '<'
</html>
 ^
/Users/Dom/Desktop/coachr/app/views/layouts/application.html.erb:24: unterminated regexp meets end of file):
  app/views/layouts/application.html.erb:12: syntax error, unexpected ')', expecting keyword_then or ';' or '\n'
  app/views/layouts/application.html.erb:15: syntax error, unexpected keyword_else
  app/views/layouts/application.html.erb:19: syntax error, unexpected tSTRING_BEG, expecting ')'
  app/views/layouts/application.html.erb:23: unknown regexp options - bdy
  app/views/layouts/application.html.erb:24: syntax error, unexpected '<'
  app/views/layouts/application.html.erb:24: unterminated regexp meets end of file


  Rendered /usr/local/lib/ruby/gems/2.2.0/gems/actionpack-4.2.5/lib/action_dispatch/middleware/templates/rescues/_source.erb (12.4ms)
  Rendered /usr/local/lib/ruby/gems/2.2.0/gems/actionpack-4.2.5/lib/action_dispatch/middleware/templates/rescues/_trace.html.erb (5.3ms)
  Rendered /usr/local/lib/ruby/gems/2.2.0/gems/actionpack-4.2.5/lib/action_dispatch/middleware/templates/rescues/_request_and_response.html.erb (1.7ms)
  Rendered /usr/local/lib/ruby/gems/2.2.0/gems/actionpack-4.2.5/lib/action_dispatch/middleware/templates/rescues/diagnostics.html.erb within rescues/layout (111.1ms)
  Rendered /usr/local/lib/ruby/gems/2.2.0/gems/web-console-2.2.1/lib/web_console/templates/_markup.html.erb (0.6ms)
  Rendered /usr/local/lib/ruby/gems/2.2.0/gems/web-console-2.2.1/lib/web_console/templates/_inner_console_markup.html.erb within layouts/inlined_string (0.5ms)
  Rendered /usr/local/lib/ruby/gems/2.2.0/gems/web-console-2.2.1/lib/web_console/templates/_prompt_box_markup.html.erb within layouts/inlined_string (0.5ms)
  Rendered /usr/local/lib/ruby/gems/2.2.0/gems/web-console-2.2.1/lib/web_console/templates/style.css.erb within layouts/inlined_string (1.1ms)
  Rendered /usr/local/lib/ruby/gems/2.2.0/gems/web-console-2.2.1/lib/web_console/templates/console.js.erb within layouts/javascript (93.1ms)
  Rendered /usr/local/lib/ruby/gems/2.2.0/gems/web-console-2.2.1/lib/web_console/templates/main.js.erb within layouts/javascript (0.5ms)
  Rendered /usr/local/lib/ruby/gems/2.2.0/gems/web-console-2.2.1/lib/web_console/templates/error_page.js.erb within layouts/javascript (0.6ms)
  Rendered /usr/local/lib/ruby/gems/2.2.0/gems/web-console-2.2.1/lib/web_console/templates/index.html.erb (207.8ms)


Started GET "/coaches/3" for ::1 at 2015-12-02 16:21:50 -0500
Processing by CoachesController#show as HTML
  Parameters: {"id"=>"3"}
  [1m[36mCoach Load (0.3ms)[0m  [1mSELECT  "coaches".* FROM "coaches" WHERE "coaches"."id" = $1 LIMIT 1[0m  [["id", 3]]
  Rendered coaches/show.html.erb within layouts/application (0.1ms)
Completed 500 Internal Server Error in 10ms (ActiveRecord: 0.3ms)

SyntaxError (/Users/Dom/Desktop/coachr/app/views/layouts/application.html.erb:12: syntax error, unexpected ')', expecting keyword_then or ';' or '\n'
...buffer.append=( if logged_in? );@output_buffer.safe_append='
...                               ^
/Users/Dom/Desktop/coachr/app/views/layouts/application.html.erb:15: syntax error, unexpected keyword_else
'.freeze;@output_buffer.append=( else );@output_buffer.safe_append='
                                     ^
/Users/Dom/Desktop/coachr/app/views/layouts/application.html.erb:19: syntax error, unexpected tSTRING_BEG, expecting ')'
'.freeze; end 
 ^
/Users/Dom/Desktop/coachr/app/views/layouts/application.html.erb:23: unknown regexp options - bdy
/Users/Dom/Desktop/coachr/app/views/layouts/application.html.erb:24: syntax error, unexpected '<'
</html>
 ^
/Users/Dom/Desktop/coachr/app/views/layouts/application.html.erb:24: unterminated regexp meets end of file):
  app/views/layouts/application.html.erb:12: syntax error, unexpected ')', expecting keyword_then or ';' or '\n'
  app/views/layouts/application.html.erb:15: syntax error, unexpected keyword_else
  app/views/layouts/application.html.erb:19: syntax error, unexpected tSTRING_BEG, expecting ')'
  app/views/layouts/application.html.erb:23: unknown regexp options - bdy
  app/views/layouts/application.html.erb:24: syntax error, unexpected '<'
  app/views/layouts/application.html.erb:24: unterminated regexp meets end of file


  Rendered /usr/local/lib/ruby/gems/2.2.0/gems/actionpack-4.2.5/lib/action_dispatch/middleware/templates/rescues/_source.erb (12.5ms)
  Rendered /usr/local/lib/ruby/gems/2.2.0/gems/actionpack-4.2.5/lib/action_dispatch/middleware/templates/rescues/_trace.html.erb (6.6ms)
  Rendered /usr/local/lib/ruby/gems/2.2.0/gems/actionpack-4.2.5/lib/action_dispatch/middleware/templates/rescues/_request_and_response.html.erb (1.8ms)
  Rendered /usr/local/lib/ruby/gems/2.2.0/gems/actionpack-4.2.5/lib/action_dispatch/middleware/templates/rescues/diagnostics.html.erb within rescues/layout (131.1ms)
  Rendered /usr/local/lib/ruby/gems/2.2.0/gems/web-console-2.2.1/lib/web_console/templates/_markup.html.erb (0.7ms)
  Rendered /usr/local/lib/ruby/gems/2.2.0/gems/web-console-2.2.1/lib/web_console/templates/_inner_console_markup.html.erb within layouts/inlined_string (0.5ms)
  Rendered /usr/local/lib/ruby/gems/2.2.0/gems/web-console-2.2.1/lib/web_console/templates/_prompt_box_markup.html.erb within layouts/inlined_string (0.4ms)
  Rendered /usr/local/lib/ruby/gems/2.2.0/gems/web-console-2.2.1/lib/web_console/templates/style.css.erb within layouts/inlined_string (0.6ms)
  Rendered /usr/local/lib/ruby/gems/2.2.0/gems/web-console-2.2.1/lib/web_console/templates/console.js.erb within layouts/javascript (95.2ms)
  Rendered /usr/local/lib/ruby/gems/2.2.0/gems/web-console-2.2.1/lib/web_console/templates/main.js.erb within layouts/javascript (0.4ms)
  Rendered /usr/local/lib/ruby/gems/2.2.0/gems/web-console-2.2.1/lib/web_console/templates/error_page.js.erb within layouts/javascript (0.8ms)
  Rendered /usr/local/lib/ruby/gems/2.2.0/gems/web-console-2.2.1/lib/web_console/templates/index.html.erb (223.2ms)


Started GET "/coaches/3" for ::1 at 2015-12-02 16:23:45 -0500
Processing by CoachesController#show as HTML
  Parameters: {"id"=>"3"}
  [1m[35mCoach Load (0.4ms)[0m  SELECT  "coaches".* FROM "coaches" WHERE "coaches"."id" = $1 LIMIT 1  [["id", 3]]
  Rendered coaches/show.html.erb within layouts/application (0.1ms)
Completed 500 Internal Server Error in 46ms (ActiveRecord: 0.4ms)

SyntaxError (/Users/Dom/Desktop/coachr/app/views/layouts/application.html.erb:18: syntax error, unexpected tSTRING_BEG, expecting ')'
'.freeze; end 
 ^
/Users/Dom/Desktop/coachr/app/views/layouts/application.html.erb:22: unknown regexp options - bdy
/Users/Dom/Desktop/coachr/app/views/layouts/application.html.erb:23: syntax error, unexpected '<'
</html>
 ^
/Users/Dom/Desktop/coachr/app/views/layouts/application.html.erb:23: unterminated regexp meets end of file):
  app/views/layouts/application.html.erb:18: syntax error, unexpected tSTRING_BEG, expecting ')'
  app/views/layouts/application.html.erb:22: unknown regexp options - bdy
  app/views/layouts/application.html.erb:23: syntax error, unexpected '<'
  app/views/layouts/application.html.erb:23: unterminated regexp meets end of file


  Rendered /usr/local/lib/ruby/gems/2.2.0/gems/actionpack-4.2.5/lib/action_dispatch/middleware/templates/rescues/_source.erb (13.2ms)
  Rendered /usr/local/lib/ruby/gems/2.2.0/gems/actionpack-4.2.5/lib/action_dispatch/middleware/templates/rescues/_trace.html.erb (6.9ms)
  Rendered /usr/local/lib/ruby/gems/2.2.0/gems/actionpack-4.2.5/lib/action_dispatch/middleware/templates/rescues/_request_and_response.html.erb (1.6ms)
  Rendered /usr/local/lib/ruby/gems/2.2.0/gems/actionpack-4.2.5/lib/action_dispatch/middleware/templates/rescues/diagnostics.html.erb within rescues/layout (124.8ms)
  Rendered /usr/local/lib/ruby/gems/2.2.0/gems/web-console-2.2.1/lib/web_console/templates/_markup.html.erb (0.6ms)
  Rendered /usr/local/lib/ruby/gems/2.2.0/gems/web-console-2.2.1/lib/web_console/templates/_inner_console_markup.html.erb within layouts/inlined_string (0.6ms)
  Rendered /usr/local/lib/ruby/gems/2.2.0/gems/web-console-2.2.1/lib/web_console/templates/_prompt_box_markup.html.erb within layouts/inlined_string (0.5ms)
  Rendered /usr/local/lib/ruby/gems/2.2.0/gems/web-console-2.2.1/lib/web_console/templates/style.css.erb within layouts/inlined_string (0.5ms)
  Rendered /usr/local/lib/ruby/gems/2.2.0/gems/web-console-2.2.1/lib/web_console/templates/console.js.erb within layouts/javascript (116.8ms)
  Rendered /usr/local/lib/ruby/gems/2.2.0/gems/web-console-2.2.1/lib/web_console/templates/main.js.erb within layouts/javascript (0.4ms)
  Rendered /usr/local/lib/ruby/gems/2.2.0/gems/web-console-2.2.1/lib/web_console/templates/error_page.js.erb within layouts/javascript (0.6ms)
  Rendered /usr/local/lib/ruby/gems/2.2.0/gems/web-console-2.2.1/lib/web_console/templates/index.html.erb (280.3ms)


Started GET "/coaches/3" for ::1 at 2015-12-02 16:24:10 -0500
Processing by CoachesController#show as HTML
  Parameters: {"id"=>"3"}
  [1m[36mCoach Load (0.2ms)[0m  [1mSELECT  "coaches".* FROM "coaches" WHERE "coaches"."id" = $1 LIMIT 1[0m  [["id", 3]]
  Rendered coaches/show.html.erb within layouts/application (0.1ms)
Completed 500 Internal Server Error in 8ms (ActiveRecord: 0.2ms)

SyntaxError (/Users/Dom/Desktop/coachr/app/views/layouts/application.html.erb:18: syntax error, unexpected tSTRING_BEG, expecting ')'
'.freeze;@output_buffer.append=( end );@output_buffer.safe_append='
 ^
/Users/Dom/Desktop/coachr/app/views/layouts/application.html.erb:19: syntax error, unexpected '<', expecting ')'
</header>
 ^
/Users/Dom/Desktop/coachr/app/views/layouts/application.html.erb:22: unknown regexp options - bdy
/Users/Dom/Desktop/coachr/app/views/layouts/application.html.erb:23: syntax error, unexpected '<'
</html>
 ^
/Users/Dom/Desktop/coachr/app/views/layouts/application.html.erb:23: unterminated regexp meets end of file):
  app/views/layouts/application.html.erb:18: syntax error, unexpected tSTRING_BEG, expecting ')'
  app/views/layouts/application.html.erb:19: syntax error, unexpected '<', expecting ')'
  app/views/layouts/application.html.erb:22: unknown regexp options - bdy
  app/views/layouts/application.html.erb:23: syntax error, unexpected '<'
  app/views/layouts/application.html.erb:23: unterminated regexp meets end of file


  Rendered /usr/local/lib/ruby/gems/2.2.0/gems/actionpack-4.2.5/lib/action_dispatch/middleware/templates/rescues/_source.erb (16.2ms)
  Rendered /usr/local/lib/ruby/gems/2.2.0/gems/actionpack-4.2.5/lib/action_dispatch/middleware/templates/rescues/_trace.html.erb (5.2ms)
  Rendered /usr/local/lib/ruby/gems/2.2.0/gems/actionpack-4.2.5/lib/action_dispatch/middleware/templates/rescues/_request_and_response.html.erb (1.4ms)
  Rendered /usr/local/lib/ruby/gems/2.2.0/gems/actionpack-4.2.5/lib/action_dispatch/middleware/templates/rescues/diagnostics.html.erb within rescues/layout (118.7ms)
  Rendered /usr/local/lib/ruby/gems/2.2.0/gems/web-console-2.2.1/lib/web_console/templates/_markup.html.erb (0.6ms)
  Rendered /usr/local/lib/ruby/gems/2.2.0/gems/web-console-2.2.1/lib/web_console/templates/_inner_console_markup.html.erb within layouts/inlined_string (0.5ms)
  Rendered /usr/local/lib/ruby/gems/2.2.0/gems/web-console-2.2.1/lib/web_console/templates/_prompt_box_markup.html.erb within layouts/inlined_string (0.5ms)
  Rendered /usr/local/lib/ruby/gems/2.2.0/gems/web-console-2.2.1/lib/web_console/templates/style.css.erb within layouts/inlined_string (0.5ms)
  Rendered /usr/local/lib/ruby/gems/2.2.0/gems/web-console-2.2.1/lib/web_console/templates/console.js.erb within layouts/javascript (95.0ms)
  Rendered /usr/local/lib/ruby/gems/2.2.0/gems/web-console-2.2.1/lib/web_console/templates/main.js.erb within layouts/javascript (0.5ms)
  Rendered /usr/local/lib/ruby/gems/2.2.0/gems/web-console-2.2.1/lib/web_console/templates/error_page.js.erb within layouts/javascript (0.7ms)
  Rendered /usr/local/lib/ruby/gems/2.2.0/gems/web-console-2.2.1/lib/web_console/templates/index.html.erb (209.8ms)


Started GET "/coaches/3" for ::1 at 2015-12-02 16:25:44 -0500
Processing by CoachesController#show as HTML
  Parameters: {"id"=>"3"}
  [1m[35mCoach Load (0.4ms)[0m  SELECT  "coaches".* FROM "coaches" WHERE "coaches"."id" = $1 LIMIT 1  [["id", 3]]
  Rendered coaches/show.html.erb within layouts/application (0.1ms)
Completed 500 Internal Server Error in 156ms (ActiveRecord: 0.4ms)

ActionView::Template::Error (uninitialized constant ApplicationController::User):
     9: </head>
    10: <body>
    11: <header>
    12: <% if logged_in? %>
    13: <%= link_to("Log Out", logout_path) %>
    14: <% else %>
    15: <%= link_to("Home", coach_path) %>
  app/controllers/application_controller.rb:7:in `current_user'
  app/controllers/application_controller.rb:11:in `logged_in?'
  app/views/layouts/application.html.erb:12:in `_app_views_layouts_application_html_erb__796839675790655958_70111970859680'


  Rendered /usr/local/lib/ruby/gems/2.2.0/gems/actionpack-4.2.5/lib/action_dispatch/middleware/templates/rescues/_source.erb (12.8ms)
  Rendered /usr/local/lib/ruby/gems/2.2.0/gems/actionpack-4.2.5/lib/action_dispatch/middleware/templates/rescues/_trace.html.erb (4.7ms)
  Rendered /usr/local/lib/ruby/gems/2.2.0/gems/actionpack-4.2.5/lib/action_dispatch/middleware/templates/rescues/_request_and_response.html.erb (1.7ms)
  Rendered /usr/local/lib/ruby/gems/2.2.0/gems/actionpack-4.2.5/lib/action_dispatch/middleware/templates/rescues/template_error.html.erb within rescues/layout (121.9ms)
  Rendered /usr/local/lib/ruby/gems/2.2.0/gems/web-console-2.2.1/lib/web_console/templates/_markup.html.erb (0.6ms)
  Rendered /usr/local/lib/ruby/gems/2.2.0/gems/web-console-2.2.1/lib/web_console/templates/_inner_console_markup.html.erb within layouts/inlined_string (0.5ms)
  Rendered /usr/local/lib/ruby/gems/2.2.0/gems/web-console-2.2.1/lib/web_console/templates/_prompt_box_markup.html.erb within layouts/inlined_string (0.5ms)
  Rendered /usr/local/lib/ruby/gems/2.2.0/gems/web-console-2.2.1/lib/web_console/templates/style.css.erb within layouts/inlined_string (0.5ms)
  Rendered /usr/local/lib/ruby/gems/2.2.0/gems/web-console-2.2.1/lib/web_console/templates/console.js.erb within layouts/javascript (105.2ms)
  Rendered /usr/local/lib/ruby/gems/2.2.0/gems/web-console-2.2.1/lib/web_console/templates/main.js.erb within layouts/javascript (0.4ms)
  Rendered /usr/local/lib/ruby/gems/2.2.0/gems/web-console-2.2.1/lib/web_console/templates/error_page.js.erb within layouts/javascript (0.6ms)
  Rendered /usr/local/lib/ruby/gems/2.2.0/gems/web-console-2.2.1/lib/web_console/templates/index.html.erb (230.8ms)


Started GET "/coaches/3" for ::1 at 2015-12-02 16:26:10 -0500
Processing by CoachesController#show as HTML
  Parameters: {"id"=>"3"}
  [1m[36mCoach Load (0.2ms)[0m  [1mSELECT  "coaches".* FROM "coaches" WHERE "coaches"."id" = $1 LIMIT 1[0m  [["id", 3]]
  Rendered coaches/show.html.erb within layouts/application (0.2ms)
Completed 200 OK in 168ms (Views: 127.7ms | ActiveRecord: 2.2ms)


Started GET "/assets/jquery.self-a714331225dda820228db323939889f149aec0127aeb06255646b616ba1ca419.js?body=1" for ::1 at 2015-12-02 16:26:11 -0500


Started GET "/assets/layout.self-4089364bfa4ff248b32d6f2e39846b987d1490c84c32ab8238dcfbe03f2f2ffc.css?body=1" for ::1 at 2015-12-02 16:26:11 -0500


Started GET "/assets/turbolinks.self-c37727e9bd6b2735da5c311aa83fead54ed0be6cc8bd9a65309e9c5abe2cbfff.js?body=1" for ::1 at 2015-12-02 16:26:11 -0500


Started GET "/assets/application.self-e80e8f2318043e8af94dddc2adad5a4f09739a8ebb323b3ab31cd71d45fd9113.css?body=1" for ::1 at 2015-12-02 16:26:11 -0500


Started GET "/assets/jquery_ujs.self-d456baa54c1fa6be2ec3711f0a72ddf7a5b2f34a6b4f515f33767d6207b7d4b3.js?body=1" for ::1 at 2015-12-02 16:26:11 -0500


Started GET "/assets/application.self-3b8dabdc891efe46b9a144b400ad69e37d7e5876bdc39dee783419a69d7ca819.js?body=1" for ::1 at 2015-12-02 16:26:11 -0500


Started GET "/coaches/3" for ::1 at 2015-12-02 16:30:40 -0500
Processing by CoachesController#show as HTML
  Parameters: {"id"=>"3"}
  [1m[35mCoach Load (0.3ms)[0m  SELECT  "coaches".* FROM "coaches" WHERE "coaches"."id" = $1 LIMIT 1  [["id", 3]]
  Rendered coaches/show.html.erb within layouts/application (10.5ms)
Completed 500 Internal Server Error in 40ms (ActiveRecord: 0.3ms)

ActionView::Template::Error (undefined method `full_name' for nil:NilClass):
    1: <p> <%= current_user.full_name %> </p>
  app/views/coaches/show.html.erb:1:in `_app_views_coaches_show_html_erb___309866869875706942_70111970102580'


  Rendered /usr/local/lib/ruby/gems/2.2.0/gems/actionpack-4.2.5/lib/action_dispatch/middleware/templates/rescues/_source.erb (12.6ms)
  Rendered /usr/local/lib/ruby/gems/2.2.0/gems/actionpack-4.2.5/lib/action_dispatch/middleware/templates/rescues/_trace.html.erb (5.1ms)
  Rendered /usr/local/lib/ruby/gems/2.2.0/gems/actionpack-4.2.5/lib/action_dispatch/middleware/templates/rescues/_request_and_response.html.erb (1.4ms)
  Rendered /usr/local/lib/ruby/gems/2.2.0/gems/actionpack-4.2.5/lib/action_dispatch/middleware/templates/rescues/template_error.html.erb within rescues/layout (116.5ms)
  Rendered /usr/local/lib/ruby/gems/2.2.0/gems/web-console-2.2.1/lib/web_console/templates/_markup.html.erb (0.5ms)
  Rendered /usr/local/lib/ruby/gems/2.2.0/gems/web-console-2.2.1/lib/web_console/templates/_inner_console_markup.html.erb within layouts/inlined_string (1.1ms)
  Rendered /usr/local/lib/ruby/gems/2.2.0/gems/web-console-2.2.1/lib/web_console/templates/_prompt_box_markup.html.erb within layouts/inlined_string (0.5ms)
  Rendered /usr/local/lib/ruby/gems/2.2.0/gems/web-console-2.2.1/lib/web_console/templates/style.css.erb within layouts/inlined_string (0.5ms)
  Rendered /usr/local/lib/ruby/gems/2.2.0/gems/web-console-2.2.1/lib/web_console/templates/console.js.erb within layouts/javascript (107.8ms)
  Rendered /usr/local/lib/ruby/gems/2.2.0/gems/web-console-2.2.1/lib/web_console/templates/main.js.erb within layouts/javascript (0.5ms)
  Rendered /usr/local/lib/ruby/gems/2.2.0/gems/web-console-2.2.1/lib/web_console/templates/error_page.js.erb within layouts/javascript (0.6ms)
  Rendered /usr/local/lib/ruby/gems/2.2.0/gems/web-console-2.2.1/lib/web_console/templates/index.html.erb (246.7ms)


Started GET "/coaches/new" for ::1 at 2015-12-02 16:30:46 -0500
Processing by CoachesController#new as HTML
  Rendered coaches/new.html.erb within layouts/application (460.9ms)
Completed 500 Internal Server Error in 638ms (ActiveRecord: 0.0ms)

ActionView::Template::Error (No route matches {:action=>"show", :controller=>"coaches"} missing required keys: [:id]):
    12: <% if logged_in? %>
    13: <%= link_to("Log Out", logout_path) %>
    14: <% else %>
    15: <%= link_to("Home", coach_path) %>
    16: <% end %>
    17: </header>
    18: <%= yield %>
  app/views/layouts/application.html.erb:15:in `_app_views_layouts_application_html_erb__796839675790655958_70111970859680'


  Rendered /usr/local/lib/ruby/gems/2.2.0/gems/actionpack-4.2.5/lib/action_dispatch/middleware/templates/rescues/_source.erb (13.4ms)
  Rendered /usr/local/lib/ruby/gems/2.2.0/gems/actionpack-4.2.5/lib/action_dispatch/middleware/templates/rescues/_trace.html.erb (18.1ms)
  Rendered /usr/local/lib/ruby/gems/2.2.0/gems/actionpack-4.2.5/lib/action_dispatch/middleware/templates/rescues/_request_and_response.html.erb (1.4ms)
  Rendered /usr/local/lib/ruby/gems/2.2.0/gems/actionpack-4.2.5/lib/action_dispatch/middleware/templates/rescues/template_error.html.erb within rescues/layout (143.0ms)
  Rendered /usr/local/lib/ruby/gems/2.2.0/gems/web-console-2.2.1/lib/web_console/templates/_markup.html.erb (0.5ms)
  Rendered /usr/local/lib/ruby/gems/2.2.0/gems/web-console-2.2.1/lib/web_console/templates/_inner_console_markup.html.erb within layouts/inlined_string (0.5ms)
  Rendered /usr/local/lib/ruby/gems/2.2.0/gems/web-console-2.2.1/lib/web_console/templates/_prompt_box_markup.html.erb within layouts/inlined_string (0.4ms)
  Rendered /usr/local/lib/ruby/gems/2.2.0/gems/web-console-2.2.1/lib/web_console/templates/style.css.erb within layouts/inlined_string (0.5ms)
  Rendered /usr/local/lib/ruby/gems/2.2.0/gems/web-console-2.2.1/lib/web_console/templates/console.js.erb within layouts/javascript (92.2ms)
  Rendered /usr/local/lib/ruby/gems/2.2.0/gems/web-console-2.2.1/lib/web_console/templates/main.js.erb within layouts/javascript (0.6ms)
  Rendered /usr/local/lib/ruby/gems/2.2.0/gems/web-console-2.2.1/lib/web_console/templates/error_page.js.erb within layouts/javascript (0.6ms)
  Rendered /usr/local/lib/ruby/gems/2.2.0/gems/web-console-2.2.1/lib/web_console/templates/index.html.erb (207.7ms)


Started GET "/" for ::1 at 2015-12-02 16:31:24 -0500
Processing by WelcomeController#index as HTML
  Rendered welcome/index.html.erb within layouts/application (1.0ms)
Completed 500 Internal Server Error in 87ms (ActiveRecord: 0.0ms)

ActionView::Template::Error (No route matches {:action=>"show", :controller=>"coaches"} missing required keys: [:id]):
    12: <% if logged_in? %>
    13: <%= link_to("Log Out", logout_path) %>
    14: <% else %>
    15: <%= link_to("Home", coach_path) %>
    16: <% end %>
    17: </header>
    18: <%= yield %>
  app/views/layouts/application.html.erb:15:in `_app_views_layouts_application_html_erb__796839675790655958_70111970859680'


  Rendered /usr/local/lib/ruby/gems/2.2.0/gems/actionpack-4.2.5/lib/action_dispatch/middleware/templates/rescues/_source.erb (12.1ms)
  Rendered /usr/local/lib/ruby/gems/2.2.0/gems/actionpack-4.2.5/lib/action_dispatch/middleware/templates/rescues/_trace.html.erb (5.1ms)
  Rendered /usr/local/lib/ruby/gems/2.2.0/gems/actionpack-4.2.5/lib/action_dispatch/middleware/templates/rescues/_request_and_response.html.erb (1.5ms)
  Rendered /usr/local/lib/ruby/gems/2.2.0/gems/actionpack-4.2.5/lib/action_dispatch/middleware/templates/rescues/template_error.html.erb within rescues/layout (110.4ms)
  Rendered /usr/local/lib/ruby/gems/2.2.0/gems/web-console-2.2.1/lib/web_console/templates/_markup.html.erb (0.5ms)
  Rendered /usr/local/lib/ruby/gems/2.2.0/gems/web-console-2.2.1/lib/web_console/templates/_inner_console_markup.html.erb within layouts/inlined_string (0.5ms)
  Rendered /usr/local/lib/ruby/gems/2.2.0/gems/web-console-2.2.1/lib/web_console/templates/_prompt_box_markup.html.erb within layouts/inlined_string (0.5ms)
  Rendered /usr/local/lib/ruby/gems/2.2.0/gems/web-console-2.2.1/lib/web_console/templates/style.css.erb within layouts/inlined_string (0.5ms)
  Rendered /usr/local/lib/ruby/gems/2.2.0/gems/web-console-2.2.1/lib/web_console/templates/console.js.erb within layouts/javascript (96.8ms)
  Rendered /usr/local/lib/ruby/gems/2.2.0/gems/web-console-2.2.1/lib/web_console/templates/main.js.erb within layouts/javascript (0.5ms)
  Rendered /usr/local/lib/ruby/gems/2.2.0/gems/web-console-2.2.1/lib/web_console/templates/error_page.js.erb within layouts/javascript (0.9ms)
  Rendered /usr/local/lib/ruby/gems/2.2.0/gems/web-console-2.2.1/lib/web_console/templates/index.html.erb (210.6ms)


Started GET "/" for ::1 at 2015-12-02 16:32:28 -0500
Processing by WelcomeController#index as HTML
  Rendered welcome/index.html.erb within layouts/application (0.4ms)
Completed 500 Internal Server Error in 32ms (ActiveRecord: 0.0ms)

SyntaxError (/Users/Dom/Desktop/coachr/app/views/layouts/application.html.erb:14: syntax error, unexpected keyword_else
'.freeze;@output_buffer.append=( else );@output_buffer.safe_append='
                                     ^
/Users/Dom/Desktop/coachr/app/views/layouts/application.html.erb:16: syntax error, unexpected keyword_end, expecting ')'
'.freeze; end 
             ^
/Users/Dom/Desktop/coachr/app/views/layouts/application.html.erb:23: syntax error, unexpected keyword_ensure, expecting ')'
/Users/Dom/Desktop/coachr/app/views/layouts/application.html.erb:25: syntax error, unexpected keyword_end, expecting ')'):
  app/views/layouts/application.html.erb:14: syntax error, unexpected keyword_else
  app/views/layouts/application.html.erb:16: syntax error, unexpected keyword_end, expecting ')'
  app/views/layouts/application.html.erb:23: syntax error, unexpected keyword_ensure, expecting ')'
  app/views/layouts/application.html.erb:25: syntax error, unexpected keyword_end, expecting ')'


  Rendered /usr/local/lib/ruby/gems/2.2.0/gems/actionpack-4.2.5/lib/action_dispatch/middleware/templates/rescues/_source.erb (12.4ms)
  Rendered /usr/local/lib/ruby/gems/2.2.0/gems/actionpack-4.2.5/lib/action_dispatch/middleware/templates/rescues/_trace.html.erb (5.5ms)
  Rendered /usr/local/lib/ruby/gems/2.2.0/gems/actionpack-4.2.5/lib/action_dispatch/middleware/templates/rescues/_request_and_response.html.erb (1.5ms)
  Rendered /usr/local/lib/ruby/gems/2.2.0/gems/actionpack-4.2.5/lib/action_dispatch/middleware/templates/rescues/diagnostics.html.erb within rescues/layout (113.7ms)
  Rendered /usr/local/lib/ruby/gems/2.2.0/gems/web-console-2.2.1/lib/web_console/templates/_markup.html.erb (0.6ms)
  Rendered /usr/local/lib/ruby/gems/2.2.0/gems/web-console-2.2.1/lib/web_console/templates/_inner_console_markup.html.erb within layouts/inlined_string (0.5ms)
  Rendered /usr/local/lib/ruby/gems/2.2.0/gems/web-console-2.2.1/lib/web_console/templates/_prompt_box_markup.html.erb within layouts/inlined_string (0.5ms)
  Rendered /usr/local/lib/ruby/gems/2.2.0/gems/web-console-2.2.1/lib/web_console/templates/style.css.erb within layouts/inlined_string (0.6ms)
  Rendered /usr/local/lib/ruby/gems/2.2.0/gems/web-console-2.2.1/lib/web_console/templates/console.js.erb within layouts/javascript (92.3ms)
  Rendered /usr/local/lib/ruby/gems/2.2.0/gems/web-console-2.2.1/lib/web_console/templates/main.js.erb within layouts/javascript (0.5ms)
  Rendered /usr/local/lib/ruby/gems/2.2.0/gems/web-console-2.2.1/lib/web_console/templates/error_page.js.erb within layouts/javascript (0.7ms)
  Rendered /usr/local/lib/ruby/gems/2.2.0/gems/web-console-2.2.1/lib/web_console/templates/index.html.erb (205.8ms)


Started GET "/" for ::1 at 2015-12-02 16:32:36 -0500
Processing by WelcomeController#index as HTML
  Rendered welcome/index.html.erb within layouts/application (0.3ms)
Completed 200 OK in 118ms (Views: 117.6ms | ActiveRecord: 0.0ms)


Started GET "/assets/application.self-e80e8f2318043e8af94dddc2adad5a4f09739a8ebb323b3ab31cd71d45fd9113.css?body=1" for ::1 at 2015-12-02 16:32:36 -0500


Started GET "/assets/jquery.self-a714331225dda820228db323939889f149aec0127aeb06255646b616ba1ca419.js?body=1" for ::1 at 2015-12-02 16:32:36 -0500


Started GET "/assets/layout.self-4089364bfa4ff248b32d6f2e39846b987d1490c84c32ab8238dcfbe03f2f2ffc.css?body=1" for ::1 at 2015-12-02 16:32:36 -0500


Started GET "/assets/jquery_ujs.self-d456baa54c1fa6be2ec3711f0a72ddf7a5b2f34a6b4f515f33767d6207b7d4b3.js?body=1" for ::1 at 2015-12-02 16:32:36 -0500


Started GET "/assets/turbolinks.self-c37727e9bd6b2735da5c311aa83fead54ed0be6cc8bd9a65309e9c5abe2cbfff.js?body=1" for ::1 at 2015-12-02 16:32:36 -0500


Started GET "/assets/application.self-3b8dabdc891efe46b9a144b400ad69e37d7e5876bdc39dee783419a69d7ca819.js?body=1" for ::1 at 2015-12-02 16:32:36 -0500


Started GET "/" for ::1 at 2015-12-02 16:33:08 -0500
Processing by WelcomeController#index as HTML
  Rendered welcome/index.html.erb within layouts/application (0.4ms)
Completed 200 OK in 182ms (Views: 181.4ms | ActiveRecord: 0.0ms)


Started GET "/assets/layout.self-c1745edb097e6945de28656a383e18e5f027c7f88903c6d0256c9033d98604e1.css?body=1" for ::1 at 2015-12-02 16:33:08 -0500


Started GET "/assets/application.self-e80e8f2318043e8af94dddc2adad5a4f09739a8ebb323b3ab31cd71d45fd9113.css?body=1" for ::1 at 2015-12-02 16:33:08 -0500


Started GET "/assets/jquery.self-a714331225dda820228db323939889f149aec0127aeb06255646b616ba1ca419.js?body=1" for ::1 at 2015-12-02 16:33:08 -0500


Started GET "/assets/turbolinks.self-c37727e9bd6b2735da5c311aa83fead54ed0be6cc8bd9a65309e9c5abe2cbfff.js?body=1" for ::1 at 2015-12-02 16:33:08 -0500


Started GET "/assets/jquery_ujs.self-d456baa54c1fa6be2ec3711f0a72ddf7a5b2f34a6b4f515f33767d6207b7d4b3.js?body=1" for ::1 at 2015-12-02 16:33:08 -0500


Started GET "/assets/application.self-3b8dabdc891efe46b9a144b400ad69e37d7e5876bdc39dee783419a69d7ca819.js?body=1" for ::1 at 2015-12-02 16:33:08 -0500


Started GET "/" for ::1 at 2015-12-02 16:33:13 -0500
Processing by WelcomeController#index as HTML
  Rendered welcome/index.html.erb within layouts/application (0.2ms)
Completed 200 OK in 42ms (Views: 40.9ms | ActiveRecord: 0.0ms)


Started GET "/assets/layout.self-c1745edb097e6945de28656a383e18e5f027c7f88903c6d0256c9033d98604e1.css?body=1" for ::1 at 2015-12-02 16:33:13 -0500


Started GET "/assets/application.self-e80e8f2318043e8af94dddc2adad5a4f09739a8ebb323b3ab31cd71d45fd9113.css?body=1" for ::1 at 2015-12-02 16:33:13 -0500


Started GET "/assets/jquery_ujs.self-d456baa54c1fa6be2ec3711f0a72ddf7a5b2f34a6b4f515f33767d6207b7d4b3.js?body=1" for ::1 at 2015-12-02 16:33:13 -0500


Started GET "/assets/turbolinks.self-c37727e9bd6b2735da5c311aa83fead54ed0be6cc8bd9a65309e9c5abe2cbfff.js?body=1" for ::1 at 2015-12-02 16:33:13 -0500


Started GET "/assets/jquery.self-a714331225dda820228db323939889f149aec0127aeb06255646b616ba1ca419.js?body=1" for ::1 at 2015-12-02 16:33:13 -0500


Started GET "/assets/application.self-3b8dabdc891efe46b9a144b400ad69e37d7e5876bdc39dee783419a69d7ca819.js?body=1" for ::1 at 2015-12-02 16:33:13 -0500


Started GET "/" for ::1 at 2015-12-02 16:33:22 -0500
Processing by WelcomeController#index as HTML
  Rendered welcome/index.html.erb within layouts/application (0.3ms)
Completed 200 OK in 87ms (Views: 85.9ms | ActiveRecord: 0.0ms)


Started GET "/assets/application.self-e80e8f2318043e8af94dddc2adad5a4f09739a8ebb323b3ab31cd71d45fd9113.css?body=1" for ::1 at 2015-12-02 16:33:22 -0500


Started GET "/assets/jquery_ujs.self-d456baa54c1fa6be2ec3711f0a72ddf7a5b2f34a6b4f515f33767d6207b7d4b3.js?body=1" for ::1 at 2015-12-02 16:33:22 -0500


Started GET "/assets/turbolinks.self-c37727e9bd6b2735da5c311aa83fead54ed0be6cc8bd9a65309e9c5abe2cbfff.js?body=1" for ::1 at 2015-12-02 16:33:22 -0500


Started GET "/assets/layout.self-3820ff97424726d96c230d4755a6e0f294f712358eef36feb8824c57a3c102bc.css?body=1" for ::1 at 2015-12-02 16:33:22 -0500


Started GET "/assets/jquery.self-a714331225dda820228db323939889f149aec0127aeb06255646b616ba1ca419.js?body=1" for ::1 at 2015-12-02 16:33:22 -0500


Started GET "/assets/application.self-3b8dabdc891efe46b9a144b400ad69e37d7e5876bdc39dee783419a69d7ca819.js?body=1" for ::1 at 2015-12-02 16:33:22 -0500


Started GET "/" for ::1 at 2015-12-02 16:33:40 -0500
Processing by WelcomeController#index as HTML
  Rendered welcome/index.html.erb within layouts/application (0.3ms)
Completed 200 OK in 47ms (Views: 46.6ms | ActiveRecord: 0.0ms)


Started GET "/assets/application.self-e80e8f2318043e8af94dddc2adad5a4f09739a8ebb323b3ab31cd71d45fd9113.css?body=1" for ::1 at 2015-12-02 16:33:40 -0500


Started GET "/assets/turbolinks.self-c37727e9bd6b2735da5c311aa83fead54ed0be6cc8bd9a65309e9c5abe2cbfff.js?body=1" for ::1 at 2015-12-02 16:33:40 -0500


Started GET "/assets/jquery.self-a714331225dda820228db323939889f149aec0127aeb06255646b616ba1ca419.js?body=1" for ::1 at 2015-12-02 16:33:40 -0500


Started GET "/assets/jquery_ujs.self-d456baa54c1fa6be2ec3711f0a72ddf7a5b2f34a6b4f515f33767d6207b7d4b3.js?body=1" for ::1 at 2015-12-02 16:33:40 -0500


Started GET "/assets/application.self-3b8dabdc891efe46b9a144b400ad69e37d7e5876bdc39dee783419a69d7ca819.js?body=1" for ::1 at 2015-12-02 16:33:40 -0500


Started GET "/assets/layout.self-c1745edb097e6945de28656a383e18e5f027c7f88903c6d0256c9033d98604e1.css?body=1" for ::1 at 2015-12-02 16:33:40 -0500


Started GET "/" for ::1 at 2015-12-02 16:47:51 -0500
Processing by WelcomeController#index as HTML
  Rendered welcome/index.html.erb within layouts/application (1.5ms)
Completed 200 OK in 402ms (Views: 389.2ms | ActiveRecord: 0.0ms)


Started GET "/assets/layout.self-99312e2fbe97fd8a6474fc257711ec2fb0399f4a7b9ce9a76d84c6fc893b2d4e.css?body=1" for ::1 at 2015-12-02 16:47:52 -0500


Started GET "/assets/application.self-e80e8f2318043e8af94dddc2adad5a4f09739a8ebb323b3ab31cd71d45fd9113.css?body=1" for ::1 at 2015-12-02 16:47:52 -0500


Started GET "/assets/jquery.self-a714331225dda820228db323939889f149aec0127aeb06255646b616ba1ca419.js?body=1" for ::1 at 2015-12-02 16:47:52 -0500


Started GET "/assets/turbolinks.self-c37727e9bd6b2735da5c311aa83fead54ed0be6cc8bd9a65309e9c5abe2cbfff.js?body=1" for ::1 at 2015-12-02 16:47:52 -0500


Started GET "/assets/application.self-3b8dabdc891efe46b9a144b400ad69e37d7e5876bdc39dee783419a69d7ca819.js?body=1" for ::1 at 2015-12-02 16:47:52 -0500


Started GET "/assets/jquery_ujs.self-d456baa54c1fa6be2ec3711f0a72ddf7a5b2f34a6b4f515f33767d6207b7d4b3.js?body=1" for ::1 at 2015-12-02 16:47:52 -0500


Started GET "/rails/info/routes" for ::1 at 2015-12-02 16:47:55 -0500
Processing by Rails::InfoController#routes as HTML
  Rendered /usr/local/lib/ruby/gems/2.2.0/gems/actionpack-4.2.5/lib/action_dispatch/middleware/templates/routes/_route.html.erb (2.3ms)
  Rendered /usr/local/lib/ruby/gems/2.2.0/gems/actionpack-4.2.5/lib/action_dispatch/middleware/templates/routes/_table.html.erb (23.9ms)
  Rendered /usr/local/lib/ruby/gems/2.2.0/gems/railties-4.2.5/lib/rails/templates/rails/info/routes.html.erb within layouts/application (63.0ms)
Completed 200 OK in 138ms (Views: 136.7ms | ActiveRecord: 0.0ms)
